Starting training for dataset part 1...
/data/tf/lib/python3.12/site-packages/torch/optim/lr_scheduler.py:62: UserWarning: The verbose parameter is deprecated. Please use get_last_lr() to access the learning rate.
  warnings.warn(
Dataset 1 | Epoch 1/100
Training Accuracy: 0.0060
Validation Accuracy: 0.0000
No improvement for 1 epoch(s).
Dataset 1 | Epoch 2/100
Training Accuracy: 0.0102
Validation Accuracy: 0.0102
New best model saved with validation accuracy: 0.0102
Dataset 1 | Epoch 3/100
Training Accuracy: 0.0128
Validation Accuracy: 0.0102
No improvement for 1 epoch(s).
Dataset 1 | Epoch 4/100
Training Accuracy: 0.0153
Validation Accuracy: 0.0136
New best model saved with validation accuracy: 0.0136
Dataset 1 | Epoch 5/100
Training Accuracy: 0.0136
Validation Accuracy: 0.0068
No improvement for 1 epoch(s).
Dataset 1 | Epoch 6/100
Training Accuracy: 0.0170
Validation Accuracy: 0.0136
No improvement for 2 epoch(s).
Dataset 1 | Epoch 7/100
Training Accuracy: 0.0213
Validation Accuracy: 0.0136
No improvement for 3 epoch(s).
Dataset 1 | Epoch 8/100
Training Accuracy: 0.0306
Validation Accuracy: 0.0136
No improvement for 4 epoch(s).
Dataset 1 | Epoch 9/100
Training Accuracy: 0.0332
Validation Accuracy: 0.0340
New best model saved with validation accuracy: 0.0340
Dataset 1 | Epoch 10/100
Training Accuracy: 0.0485
Validation Accuracy: 0.0408
New best model saved with validation accuracy: 0.0408
Dataset 1 | Epoch 11/100
Training Accuracy: 0.0595
Validation Accuracy: 0.0408
No improvement for 1 epoch(s).
Dataset 1 | Epoch 12/100
Training Accuracy: 0.0825
Validation Accuracy: 0.0578
New best model saved with validation accuracy: 0.0578
Dataset 1 | Epoch 13/100
Training Accuracy: 0.1182
Validation Accuracy: 0.0816
New best model saved with validation accuracy: 0.0816
Dataset 1 | Epoch 14/100
Training Accuracy: 0.1395
Validation Accuracy: 0.0816
No improvement for 1 epoch(s).
Dataset 1 | Epoch 15/100
Training Accuracy: 0.1692
Validation Accuracy: 0.0782
No improvement for 2 epoch(s).
Dataset 1 | Epoch 16/100
Training Accuracy: 0.2321
Validation Accuracy: 0.1327
New best model saved with validation accuracy: 0.1327
Dataset 1 | Epoch 17/100
Training Accuracy: 0.2968
Validation Accuracy: 0.2211
New best model saved with validation accuracy: 0.2211
Dataset 1 | Epoch 18/100
Training Accuracy: 0.3537
Validation Accuracy: 0.1497
No improvement for 1 epoch(s).
Dataset 1 | Epoch 19/100
Training Accuracy: 0.4235
Validation Accuracy: 0.2449
New best model saved with validation accuracy: 0.2449
Dataset 1 | Epoch 20/100
Training Accuracy: 0.4651
Validation Accuracy: 0.2381
No improvement for 1 epoch(s).
Dataset 1 | Epoch 21/100
Training Accuracy: 0.5519
Validation Accuracy: 0.2381
No improvement for 2 epoch(s).
Dataset 1 | Epoch 22/100
Training Accuracy: 0.5646
Validation Accuracy: 0.2619
New best model saved with validation accuracy: 0.2619
Dataset 1 | Epoch 23/100
Training Accuracy: 0.6446
Validation Accuracy: 0.2755
New best model saved with validation accuracy: 0.2755
Dataset 1 | Epoch 24/100
Training Accuracy: 0.6930
Validation Accuracy: 0.3061
New best model saved with validation accuracy: 0.3061
Dataset 1 | Epoch 25/100
Training Accuracy: 0.7415
Validation Accuracy: 0.3639
New best model saved with validation accuracy: 0.3639
Dataset 1 | Epoch 26/100
Training Accuracy: 0.7917
Validation Accuracy: 0.3231
No improvement for 1 epoch(s).
Dataset 1 | Epoch 27/100
Training Accuracy: 0.8070
Validation Accuracy: 0.3197
No improvement for 2 epoch(s).
Dataset 1 | Epoch 28/100
Training Accuracy: 0.8418
Validation Accuracy: 0.3503
No improvement for 3 epoch(s).
Dataset 1 | Epoch 29/100
Training Accuracy: 0.8622
Validation Accuracy: 0.3469
No improvement for 4 epoch(s).
Dataset 1 | Epoch 30/100
Training Accuracy: 0.8844
Validation Accuracy: 0.3503
No improvement for 5 epoch(s).
Dataset 1 | Epoch 31/100
Training Accuracy: 0.8707
Validation Accuracy: 0.3333
No improvement for 6 epoch(s).
Dataset 1 | Epoch 32/100
Training Accuracy: 0.9320
Validation Accuracy: 0.4014
New best model saved with validation accuracy: 0.4014
Dataset 1 | Epoch 33/100
Training Accuracy: 0.9549
Validation Accuracy: 0.4184
New best model saved with validation accuracy: 0.4184
Dataset 1 | Epoch 34/100
Training Accuracy: 0.9626
Validation Accuracy: 0.4150
No improvement for 1 epoch(s).
Dataset 1 | Epoch 35/100
Training Accuracy: 0.9677
Validation Accuracy: 0.4490
New best model saved with validation accuracy: 0.4490
Dataset 1 | Epoch 36/100
Training Accuracy: 0.9736
Validation Accuracy: 0.4184
No improvement for 1 epoch(s).
Dataset 1 | Epoch 37/100
Training Accuracy: 0.9745
Validation Accuracy: 0.4320
No improvement for 2 epoch(s).
Dataset 1 | Epoch 38/100
Training Accuracy: 0.9813
Validation Accuracy: 0.4422
No improvement for 3 epoch(s).
Dataset 1 | Epoch 39/100
Training Accuracy: 0.9855
Validation Accuracy: 0.4388
No improvement for 4 epoch(s).
Dataset 1 | Epoch 40/100
Training Accuracy: 0.9821
Validation Accuracy: 0.4320
No improvement for 5 epoch(s).
Dataset 1 | Epoch 41/100
Training Accuracy: 0.9745
Validation Accuracy: 0.4218
No improvement for 6 epoch(s).
Dataset 1 | Epoch 42/100
Training Accuracy: 0.9872
Validation Accuracy: 0.4320
No improvement for 7 epoch(s).
Dataset 1 | Epoch 43/100
Training Accuracy: 0.9830
Validation Accuracy: 0.4286
No improvement for 8 epoch(s).
Dataset 1 | Epoch 44/100
Training Accuracy: 0.9881
Validation Accuracy: 0.4150
No improvement for 9 epoch(s).
Dataset 1 | Epoch 45/100
Training Accuracy: 0.9847
Validation Accuracy: 0.4422
No improvement for 10 epoch(s).
Dataset 1 | Epoch 46/100
Training Accuracy: 0.9838
Validation Accuracy: 0.4592
New best model saved with validation accuracy: 0.4592
Dataset 1 | Epoch 47/100
Training Accuracy: 0.9838
Validation Accuracy: 0.4524
No improvement for 1 epoch(s).
Dataset 1 | Epoch 48/100
Training Accuracy: 0.9813
Validation Accuracy: 0.4456
No improvement for 2 epoch(s).
Dataset 1 | Epoch 49/100
Training Accuracy: 0.9821
Validation Accuracy: 0.4592
No improvement for 3 epoch(s).
Dataset 1 | Epoch 50/100
Training Accuracy: 0.9855
Validation Accuracy: 0.4388
No improvement for 4 epoch(s).
Dataset 1 | Epoch 51/100
Training Accuracy: 0.9898
Validation Accuracy: 0.4524
No improvement for 5 epoch(s).
Dataset 1 | Epoch 52/100
Training Accuracy: 0.9847
Validation Accuracy: 0.4524
No improvement for 6 epoch(s).
Dataset 1 | Epoch 53/100
Training Accuracy: 0.9821
Validation Accuracy: 0.4354
No improvement for 7 epoch(s).
Dataset 1 | Epoch 54/100
Training Accuracy: 0.9838
Validation Accuracy: 0.4524
No improvement for 8 epoch(s).
Dataset 1 | Epoch 55/100
Training Accuracy: 0.9847
Validation Accuracy: 0.4354
No improvement for 9 epoch(s).
Dataset 1 | Epoch 56/100
Training Accuracy: 0.9872
Validation Accuracy: 0.4456
No improvement for 10 epoch(s).
Dataset 1 | Epoch 57/100
Training Accuracy: 0.9889
Validation Accuracy: 0.4490
No improvement for 11 epoch(s).
Dataset 1 | Epoch 58/100
Training Accuracy: 0.9813
Validation Accuracy: 0.4660
New best model saved with validation accuracy: 0.4660
Dataset 1 | Epoch 59/100
Training Accuracy: 0.9889
Validation Accuracy: 0.4354
No improvement for 1 epoch(s).
Dataset 1 | Epoch 60/100
Training Accuracy: 0.9915
Validation Accuracy: 0.4592
No improvement for 2 epoch(s).
Dataset 1 | Epoch 61/100
Training Accuracy: 0.9898
Validation Accuracy: 0.4150
No improvement for 3 epoch(s).
Dataset 1 | Epoch 62/100
Training Accuracy: 0.9821
Validation Accuracy: 0.4286
No improvement for 4 epoch(s).
Dataset 1 | Epoch 63/100
Training Accuracy: 0.9881
Validation Accuracy: 0.4490
No improvement for 5 epoch(s).
Dataset 1 | Epoch 64/100
Training Accuracy: 0.9821
Validation Accuracy: 0.4388
No improvement for 6 epoch(s).
Dataset 1 | Epoch 65/100
Training Accuracy: 0.9898
Validation Accuracy: 0.4354
No improvement for 7 epoch(s).
Dataset 1 | Epoch 66/100
Training Accuracy: 0.9838
Validation Accuracy: 0.4558
No improvement for 8 epoch(s).
Dataset 1 | Epoch 67/100
Training Accuracy: 0.9906
Validation Accuracy: 0.4490
No improvement for 9 epoch(s).
Dataset 1 | Epoch 68/100
Training Accuracy: 0.9864
Validation Accuracy: 0.4422
No improvement for 10 epoch(s).
Dataset 1 | Epoch 69/100
Training Accuracy: 0.9855
Validation Accuracy: 0.4456
No improvement for 11 epoch(s).
Dataset 1 | Epoch 70/100
Training Accuracy: 0.9864
Validation Accuracy: 0.4490
No improvement for 12 epoch(s).
Dataset 1 | Epoch 71/100
Training Accuracy: 0.9881
Validation Accuracy: 0.4456
No improvement for 13 epoch(s).
Dataset 1 | Epoch 72/100
Training Accuracy: 0.9864
Validation Accuracy: 0.4320
No improvement for 14 epoch(s).
Dataset 1 | Epoch 73/100
Training Accuracy: 0.9881
Validation Accuracy: 0.4694
New best model saved with validation accuracy: 0.4694
Dataset 1 | Epoch 74/100
Training Accuracy: 0.9915
Validation Accuracy: 0.4558
No improvement for 1 epoch(s).
Dataset 1 | Epoch 75/100
Training Accuracy: 0.9813
Validation Accuracy: 0.4422
No improvement for 2 epoch(s).
Dataset 1 | Epoch 76/100
Training Accuracy: 0.9898
Validation Accuracy: 0.4354
No improvement for 3 epoch(s).
Dataset 1 | Epoch 77/100
Training Accuracy: 0.9889
Validation Accuracy: 0.4558
No improvement for 4 epoch(s).
Dataset 1 | Epoch 78/100
Training Accuracy: 0.9881
Validation Accuracy: 0.4388
No improvement for 5 epoch(s).
Dataset 1 | Epoch 79/100
Training Accuracy: 0.9898
Validation Accuracy: 0.4456
No improvement for 6 epoch(s).
Dataset 1 | Epoch 80/100
Training Accuracy: 0.9847
Validation Accuracy: 0.4286
No improvement for 7 epoch(s).
Dataset 1 | Epoch 81/100
Training Accuracy: 0.9796
Validation Accuracy: 0.4286
No improvement for 8 epoch(s).
Dataset 1 | Epoch 82/100
Training Accuracy: 0.9830
Validation Accuracy: 0.4320
No improvement for 9 epoch(s).
Dataset 1 | Epoch 83/100
Training Accuracy: 0.9906
Validation Accuracy: 0.4490
No improvement for 10 epoch(s).
Dataset 1 | Epoch 84/100
Training Accuracy: 0.9872
Validation Accuracy: 0.4592
No improvement for 11 epoch(s).
Dataset 1 | Epoch 85/100
Training Accuracy: 0.9864
Validation Accuracy: 0.4354
No improvement for 12 epoch(s).
Dataset 1 | Epoch 86/100
Training Accuracy: 0.9855
Validation Accuracy: 0.4558
No improvement for 13 epoch(s).
Dataset 1 | Epoch 87/100
Training Accuracy: 0.9847
Validation Accuracy: 0.4456
No improvement for 14 epoch(s).
Dataset 1 | Epoch 88/100
Training Accuracy: 0.9821
Validation Accuracy: 0.4490
No improvement for 15 epoch(s).
Early stopping triggered.
Training complete for Dataset part 1.

Starting training for dataset part 2...
Dataset 2 | Epoch 1/100
Training Accuracy: 0.0035
Validation Accuracy: 0.0070
New best model saved with validation accuracy: 0.0070
Dataset 2 | Epoch 2/100
Training Accuracy: 0.0079
Validation Accuracy: 0.0106
New best model saved with validation accuracy: 0.0106
Dataset 2 | Epoch 3/100
Training Accuracy: 0.0097
Validation Accuracy: 0.0141
New best model saved with validation accuracy: 0.0141
Dataset 2 | Epoch 4/100
Training Accuracy: 0.0106
Validation Accuracy: 0.0035
No improvement for 1 epoch(s).
Dataset 2 | Epoch 5/100
Training Accuracy: 0.0097
Validation Accuracy: 0.0070
No improvement for 2 epoch(s).
Dataset 2 | Epoch 6/100
Training Accuracy: 0.0141
Validation Accuracy: 0.0141
No improvement for 3 epoch(s).
Dataset 2 | Epoch 7/100
Training Accuracy: 0.0141
Validation Accuracy: 0.0106
No improvement for 4 epoch(s).
Dataset 2 | Epoch 8/100
Training Accuracy: 0.0150
Validation Accuracy: 0.0141
No improvement for 5 epoch(s).
Dataset 2 | Epoch 9/100
Training Accuracy: 0.0176
Validation Accuracy: 0.0246
New best model saved with validation accuracy: 0.0246
Dataset 2 | Epoch 10/100
Training Accuracy: 0.0264
Validation Accuracy: 0.0141
No improvement for 1 epoch(s).
Dataset 2 | Epoch 11/100
Training Accuracy: 0.0300
Validation Accuracy: 0.0317
New best model saved with validation accuracy: 0.0317
Dataset 2 | Epoch 12/100
Training Accuracy: 0.0493
Validation Accuracy: 0.0704
New best model saved with validation accuracy: 0.0704
Dataset 2 | Epoch 13/100
Training Accuracy: 0.0696
Validation Accuracy: 0.0599
No improvement for 1 epoch(s).
Dataset 2 | Epoch 14/100
Training Accuracy: 0.0881
Validation Accuracy: 0.0634
No improvement for 2 epoch(s).
Dataset 2 | Epoch 15/100
Training Accuracy: 0.1110
Validation Accuracy: 0.0599
No improvement for 3 epoch(s).
Dataset 2 | Epoch 16/100
Training Accuracy: 0.1419
Validation Accuracy: 0.0915
New best model saved with validation accuracy: 0.0915
Dataset 2 | Epoch 17/100
Training Accuracy: 0.1877
Validation Accuracy: 0.1197
New best model saved with validation accuracy: 0.1197
Dataset 2 | Epoch 18/100
Training Accuracy: 0.2396
Validation Accuracy: 0.1620
New best model saved with validation accuracy: 0.1620
Dataset 2 | Epoch 19/100
Training Accuracy: 0.2890
Validation Accuracy: 0.2007
New best model saved with validation accuracy: 0.2007
Dataset 2 | Epoch 20/100
Training Accuracy: 0.3154
Validation Accuracy: 0.2289
New best model saved with validation accuracy: 0.2289
Dataset 2 | Epoch 21/100
Training Accuracy: 0.3771
Validation Accuracy: 0.2430
New best model saved with validation accuracy: 0.2430
Dataset 2 | Epoch 22/100
Training Accuracy: 0.4493
Validation Accuracy: 0.2359
No improvement for 1 epoch(s).
Dataset 2 | Epoch 23/100
Training Accuracy: 0.4952
Validation Accuracy: 0.2993
New best model saved with validation accuracy: 0.2993
Dataset 2 | Epoch 24/100
Training Accuracy: 0.5621
Validation Accuracy: 0.2958
No improvement for 1 epoch(s).
Dataset 2 | Epoch 25/100
Training Accuracy: 0.6088
Validation Accuracy: 0.3345
New best model saved with validation accuracy: 0.3345
Dataset 2 | Epoch 26/100
Training Accuracy: 0.6678
Validation Accuracy: 0.3944
New best model saved with validation accuracy: 0.3944
Dataset 2 | Epoch 27/100
Training Accuracy: 0.6811
Validation Accuracy: 0.3310
No improvement for 1 epoch(s).
Dataset 2 | Epoch 28/100
Training Accuracy: 0.7181
Validation Accuracy: 0.3838
No improvement for 2 epoch(s).
Dataset 2 | Epoch 29/100
Training Accuracy: 0.7507
Validation Accuracy: 0.3803
No improvement for 3 epoch(s).
Dataset 2 | Epoch 30/100
Training Accuracy: 0.8035
Validation Accuracy: 0.4049
New best model saved with validation accuracy: 0.4049
Dataset 2 | Epoch 31/100
Training Accuracy: 0.8176
Validation Accuracy: 0.4542
New best model saved with validation accuracy: 0.4542
Dataset 2 | Epoch 32/100
Training Accuracy: 0.8520
Validation Accuracy: 0.4789
New best model saved with validation accuracy: 0.4789
Dataset 2 | Epoch 33/100
Training Accuracy: 0.8634
Validation Accuracy: 0.4401
No improvement for 1 epoch(s).
Dataset 2 | Epoch 34/100
Training Accuracy: 0.8802
Validation Accuracy: 0.4859
New best model saved with validation accuracy: 0.4859
Dataset 2 | Epoch 35/100
Training Accuracy: 0.8943
Validation Accuracy: 0.4507
No improvement for 1 epoch(s).
Dataset 2 | Epoch 36/100
Training Accuracy: 0.8907
Validation Accuracy: 0.4472
No improvement for 2 epoch(s).
Dataset 2 | Epoch 37/100
Training Accuracy: 0.9286
Validation Accuracy: 0.4965
New best model saved with validation accuracy: 0.4965
Dataset 2 | Epoch 38/100
Training Accuracy: 0.9233
Validation Accuracy: 0.4859
No improvement for 1 epoch(s).
Dataset 2 | Epoch 39/100
Training Accuracy: 0.9374
Validation Accuracy: 0.4894
No improvement for 2 epoch(s).
Dataset 2 | Epoch 40/100
Training Accuracy: 0.9189
Validation Accuracy: 0.4824
No improvement for 3 epoch(s).
Dataset 2 | Epoch 41/100
Training Accuracy: 0.9278
Validation Accuracy: 0.4789
No improvement for 4 epoch(s).
Dataset 2 | Epoch 42/100
Training Accuracy: 0.9427
Validation Accuracy: 0.5282
New best model saved with validation accuracy: 0.5282
Dataset 2 | Epoch 43/100
Training Accuracy: 0.9357
Validation Accuracy: 0.4789
No improvement for 1 epoch(s).
Dataset 2 | Epoch 44/100
Training Accuracy: 0.9436
Validation Accuracy: 0.5317
New best model saved with validation accuracy: 0.5317
Dataset 2 | Epoch 45/100
Training Accuracy: 0.9559
Validation Accuracy: 0.5387
New best model saved with validation accuracy: 0.5387
Dataset 2 | Epoch 46/100
Training Accuracy: 0.9621
Validation Accuracy: 0.5563
New best model saved with validation accuracy: 0.5563
Dataset 2 | Epoch 47/100
Training Accuracy: 0.9551
Validation Accuracy: 0.5282
No improvement for 1 epoch(s).
Dataset 2 | Epoch 48/100
Training Accuracy: 0.9612
Validation Accuracy: 0.4965
No improvement for 2 epoch(s).
Dataset 2 | Epoch 49/100
Training Accuracy: 0.9648
Validation Accuracy: 0.5387
No improvement for 3 epoch(s).
Dataset 2 | Epoch 50/100
Training Accuracy: 0.9630
Validation Accuracy: 0.5070
No improvement for 4 epoch(s).
Dataset 2 | Epoch 51/100
Training Accuracy: 0.9621
Validation Accuracy: 0.5246
No improvement for 5 epoch(s).
Dataset 2 | Epoch 52/100
Training Accuracy: 0.9700
Validation Accuracy: 0.5106
No improvement for 6 epoch(s).
Dataset 2 | Epoch 53/100
Training Accuracy: 0.9824
Validation Accuracy: 0.5246
No improvement for 7 epoch(s).
Dataset 2 | Epoch 54/100
Training Accuracy: 0.9885
Validation Accuracy: 0.5563
No improvement for 8 epoch(s).
Dataset 2 | Epoch 55/100
Training Accuracy: 0.9894
Validation Accuracy: 0.5423
No improvement for 9 epoch(s).
Dataset 2 | Epoch 56/100
Training Accuracy: 0.9921
Validation Accuracy: 0.5563
No improvement for 10 epoch(s).
Dataset 2 | Epoch 57/100
Training Accuracy: 0.9947
Validation Accuracy: 0.5458
No improvement for 11 epoch(s).
Dataset 2 | Epoch 58/100
Training Accuracy: 0.9947
Validation Accuracy: 0.5493
No improvement for 12 epoch(s).
Dataset 2 | Epoch 59/100
Training Accuracy: 0.9930
Validation Accuracy: 0.5387
No improvement for 13 epoch(s).
Dataset 2 | Epoch 60/100
Training Accuracy: 0.9930
Validation Accuracy: 0.5704
New best model saved with validation accuracy: 0.5704
Dataset 2 | Epoch 61/100
Training Accuracy: 0.9921
Validation Accuracy: 0.5810
New best model saved with validation accuracy: 0.5810
Dataset 2 | Epoch 62/100
Training Accuracy: 0.9903
Validation Accuracy: 0.5845
New best model saved with validation accuracy: 0.5845
Dataset 2 | Epoch 63/100
Training Accuracy: 0.9956
Validation Accuracy: 0.5669
No improvement for 1 epoch(s).
Dataset 2 | Epoch 64/100
Training Accuracy: 0.9930
Validation Accuracy: 0.5775
No improvement for 2 epoch(s).
Dataset 2 | Epoch 65/100
Training Accuracy: 0.9938
Validation Accuracy: 0.5739
No improvement for 3 epoch(s).
Dataset 2 | Epoch 66/100
Training Accuracy: 0.9965
Validation Accuracy: 0.5352
No improvement for 4 epoch(s).
Dataset 2 | Epoch 67/100
Training Accuracy: 0.9965
Validation Accuracy: 0.5528
No improvement for 5 epoch(s).
Dataset 2 | Epoch 68/100
Training Accuracy: 0.9938
Validation Accuracy: 0.5599
No improvement for 6 epoch(s).
Dataset 2 | Epoch 69/100
Training Accuracy: 0.9938
Validation Accuracy: 0.5704
No improvement for 7 epoch(s).
Dataset 2 | Epoch 70/100
Training Accuracy: 0.9974
Validation Accuracy: 0.5563
No improvement for 8 epoch(s).
Dataset 2 | Epoch 71/100
Training Accuracy: 0.9930
Validation Accuracy: 0.5563
No improvement for 9 epoch(s).
Dataset 2 | Epoch 72/100
Training Accuracy: 0.9947
Validation Accuracy: 0.5669
No improvement for 10 epoch(s).
Dataset 2 | Epoch 73/100
Training Accuracy: 0.9947
Validation Accuracy: 0.5599
No improvement for 11 epoch(s).
Dataset 2 | Epoch 74/100
Training Accuracy: 0.9912
Validation Accuracy: 0.5739
No improvement for 12 epoch(s).
Dataset 2 | Epoch 75/100
Training Accuracy: 0.9894
Validation Accuracy: 0.5775
No improvement for 13 epoch(s).
Dataset 2 | Epoch 76/100
Training Accuracy: 0.9938
Validation Accuracy: 0.5458
No improvement for 14 epoch(s).
Dataset 2 | Epoch 77/100
Training Accuracy: 0.9921
Validation Accuracy: 0.5563
No improvement for 15 epoch(s).
Early stopping triggered.
Training complete for Dataset part 2.

Starting training for dataset part 3...
Dataset 3 | Epoch 1/100
Training Accuracy: 0.0038
Validation Accuracy: 0.0000
No improvement for 1 epoch(s).
Dataset 3 | Epoch 2/100
Training Accuracy: 0.0076
Validation Accuracy: 0.0038
New best model saved with validation accuracy: 0.0038
Dataset 3 | Epoch 3/100
Training Accuracy: 0.0076
Validation Accuracy: 0.0000
No improvement for 1 epoch(s).
Dataset 3 | Epoch 4/100
Training Accuracy: 0.0086
Validation Accuracy: 0.0000
No improvement for 2 epoch(s).
Dataset 3 | Epoch 5/100
Training Accuracy: 0.0105
Validation Accuracy: 0.0076
New best model saved with validation accuracy: 0.0076
Dataset 3 | Epoch 6/100
Training Accuracy: 0.0153
Validation Accuracy: 0.0076
No improvement for 1 epoch(s).
Dataset 3 | Epoch 7/100
Training Accuracy: 0.0210
Validation Accuracy: 0.0000
No improvement for 2 epoch(s).
Dataset 3 | Epoch 8/100
Training Accuracy: 0.0172
Validation Accuracy: 0.0038
No improvement for 3 epoch(s).
Dataset 3 | Epoch 9/100
Training Accuracy: 0.0402
Validation Accuracy: 0.0038
No improvement for 4 epoch(s).
Dataset 3 | Epoch 10/100
Training Accuracy: 0.0488
Validation Accuracy: 0.0038
No improvement for 5 epoch(s).
Dataset 3 | Epoch 11/100
Training Accuracy: 0.0679
Validation Accuracy: 0.0038
No improvement for 6 epoch(s).
Dataset 3 | Epoch 12/100
Training Accuracy: 0.1377
Validation Accuracy: 0.0153
New best model saved with validation accuracy: 0.0153
Dataset 3 | Epoch 13/100
Training Accuracy: 0.1348
Validation Accuracy: 0.0229
New best model saved with validation accuracy: 0.0229
Dataset 3 | Epoch 14/100
Training Accuracy: 0.1549
Validation Accuracy: 0.0229
No improvement for 1 epoch(s).
Dataset 3 | Epoch 15/100
Training Accuracy: 0.1740
Validation Accuracy: 0.0382
New best model saved with validation accuracy: 0.0382
Dataset 3 | Epoch 16/100
Training Accuracy: 0.2065
Validation Accuracy: 0.0382
No improvement for 1 epoch(s).
Dataset 3 | Epoch 17/100
Training Accuracy: 0.2199
Validation Accuracy: 0.0382
No improvement for 2 epoch(s).
Dataset 3 | Epoch 18/100
Training Accuracy: 0.2314
Validation Accuracy: 0.0573
New best model saved with validation accuracy: 0.0573
Dataset 3 | Epoch 19/100
Training Accuracy: 0.2715
Validation Accuracy: 0.0496
No improvement for 1 epoch(s).
Dataset 3 | Epoch 20/100
Training Accuracy: 0.3031
Validation Accuracy: 0.0534
No improvement for 2 epoch(s).
Dataset 3 | Epoch 21/100
Training Accuracy: 0.3203
Validation Accuracy: 0.0611
New best model saved with validation accuracy: 0.0611
Dataset 3 | Epoch 22/100
Training Accuracy: 0.3642
Validation Accuracy: 0.0649
New best model saved with validation accuracy: 0.0649
Dataset 3 | Epoch 23/100
Training Accuracy: 0.3958
Validation Accuracy: 0.0649
No improvement for 1 epoch(s).
Dataset 3 | Epoch 24/100
Training Accuracy: 0.4321
Validation Accuracy: 0.0611
No improvement for 2 epoch(s).
Dataset 3 | Epoch 25/100
Training Accuracy: 0.4837
Validation Accuracy: 0.0649
No improvement for 3 epoch(s).
Dataset 3 | Epoch 26/100
Training Accuracy: 0.5210
Validation Accuracy: 0.0916
New best model saved with validation accuracy: 0.0916
Dataset 3 | Epoch 27/100
Training Accuracy: 0.5449
Validation Accuracy: 0.1069
New best model saved with validation accuracy: 0.1069
Dataset 3 | Epoch 28/100
Training Accuracy: 0.5966
Validation Accuracy: 0.0954
No improvement for 1 epoch(s).
Dataset 3 | Epoch 29/100
Training Accuracy: 0.6472
Validation Accuracy: 0.1145
New best model saved with validation accuracy: 0.1145
Dataset 3 | Epoch 30/100
Training Accuracy: 0.6807
Validation Accuracy: 0.0878
No improvement for 1 epoch(s).
Dataset 3 | Epoch 31/100
Training Accuracy: 0.7352
Validation Accuracy: 0.1221
New best model saved with validation accuracy: 0.1221
Dataset 3 | Epoch 32/100
Training Accuracy: 0.7467
Validation Accuracy: 0.1031
No improvement for 1 epoch(s).
Dataset 3 | Epoch 33/100
Training Accuracy: 0.8050
Validation Accuracy: 0.1489
New best model saved with validation accuracy: 0.1489
Dataset 3 | Epoch 34/100
Training Accuracy: 0.8250
Validation Accuracy: 0.1298
No improvement for 1 epoch(s).
Dataset 3 | Epoch 35/100
Training Accuracy: 0.8403
Validation Accuracy: 0.1221
No improvement for 2 epoch(s).
Dataset 3 | Epoch 36/100
Training Accuracy: 0.8509
Validation Accuracy: 0.1794
New best model saved with validation accuracy: 0.1794
Dataset 3 | Epoch 37/100
Training Accuracy: 0.8948
Validation Accuracy: 0.1603
No improvement for 1 epoch(s).
Dataset 3 | Epoch 38/100
Training Accuracy: 0.8891
Validation Accuracy: 0.2023
New best model saved with validation accuracy: 0.2023
Dataset 3 | Epoch 39/100
Training Accuracy: 0.9388
Validation Accuracy: 0.1870
No improvement for 1 epoch(s).
Dataset 3 | Epoch 40/100
Training Accuracy: 0.9379
Validation Accuracy: 0.1794
No improvement for 2 epoch(s).
Dataset 3 | Epoch 41/100
Training Accuracy: 0.9474
Validation Accuracy: 0.1794
No improvement for 3 epoch(s).
Dataset 3 | Epoch 42/100
Training Accuracy: 0.9618
Validation Accuracy: 0.2099
New best model saved with validation accuracy: 0.2099
Dataset 3 | Epoch 43/100
Training Accuracy: 0.9560
Validation Accuracy: 0.2176
New best model saved with validation accuracy: 0.2176
Dataset 3 | Epoch 44/100
Training Accuracy: 0.9694
Validation Accuracy: 0.1908
No improvement for 1 epoch(s).
Dataset 3 | Epoch 45/100
Training Accuracy: 0.9732
Validation Accuracy: 0.2290
New best model saved with validation accuracy: 0.2290
Dataset 3 | Epoch 46/100
Training Accuracy: 0.9761
Validation Accuracy: 0.1947
No improvement for 1 epoch(s).
Dataset 3 | Epoch 47/100
Training Accuracy: 0.9866
Validation Accuracy: 0.2099
No improvement for 2 epoch(s).
Dataset 3 | Epoch 48/100
Training Accuracy: 0.9742
Validation Accuracy: 0.2176
No improvement for 3 epoch(s).
Dataset 3 | Epoch 49/100
Training Accuracy: 0.9790
Validation Accuracy: 0.2443
New best model saved with validation accuracy: 0.2443
Dataset 3 | Epoch 50/100
Training Accuracy: 0.9895
Validation Accuracy: 0.2290
No improvement for 1 epoch(s).
Dataset 3 | Epoch 51/100
Training Accuracy: 0.9885
Validation Accuracy: 0.2519
New best model saved with validation accuracy: 0.2519
Dataset 3 | Epoch 52/100
Training Accuracy: 0.9895
Validation Accuracy: 0.2557
New best model saved with validation accuracy: 0.2557
Dataset 3 | Epoch 53/100
Training Accuracy: 0.9914
Validation Accuracy: 0.2366
No improvement for 1 epoch(s).
Dataset 3 | Epoch 54/100
Training Accuracy: 0.9895
Validation Accuracy: 0.2634
New best model saved with validation accuracy: 0.2634
Dataset 3 | Epoch 55/100
Training Accuracy: 0.9943
Validation Accuracy: 0.2290
No improvement for 1 epoch(s).
Dataset 3 | Epoch 56/100
Training Accuracy: 0.9952
Validation Accuracy: 0.2481
No improvement for 2 epoch(s).
Dataset 3 | Epoch 57/100
Training Accuracy: 0.9933
Validation Accuracy: 0.2519
No improvement for 3 epoch(s).
Dataset 3 | Epoch 58/100
Training Accuracy: 0.9904
Validation Accuracy: 0.2443
No improvement for 4 epoch(s).
Dataset 3 | Epoch 59/100
Training Accuracy: 0.9952
Validation Accuracy: 0.2366
No improvement for 5 epoch(s).
Dataset 3 | Epoch 60/100
Training Accuracy: 0.9943
Validation Accuracy: 0.2214
No improvement for 6 epoch(s).
Dataset 3 | Epoch 61/100
Training Accuracy: 0.9971
Validation Accuracy: 0.2328
No improvement for 7 epoch(s).
Dataset 3 | Epoch 62/100
Training Accuracy: 0.9962
Validation Accuracy: 0.2595
No improvement for 8 epoch(s).
Dataset 3 | Epoch 63/100
Training Accuracy: 0.9971
Validation Accuracy: 0.2481
No improvement for 9 epoch(s).
Dataset 3 | Epoch 64/100
Training Accuracy: 0.9962
Validation Accuracy: 0.2672
New best model saved with validation accuracy: 0.2672
Dataset 3 | Epoch 65/100
Training Accuracy: 0.9990
Validation Accuracy: 0.2366
No improvement for 1 epoch(s).
Dataset 3 | Epoch 66/100
Training Accuracy: 1.0000
Validation Accuracy: 0.2710
New best model saved with validation accuracy: 0.2710
Dataset 3 | Epoch 67/100
Training Accuracy: 0.9981
Validation Accuracy: 0.2748
New best model saved with validation accuracy: 0.2748
Dataset 3 | Epoch 68/100
Training Accuracy: 0.9990
Validation Accuracy: 0.2519
No improvement for 1 epoch(s).
Dataset 3 | Epoch 69/100
Training Accuracy: 0.9990
Validation Accuracy: 0.2595
No improvement for 2 epoch(s).
Dataset 3 | Epoch 70/100
Training Accuracy: 0.9981
Validation Accuracy: 0.2405
No improvement for 3 epoch(s).
Dataset 3 | Epoch 71/100
Training Accuracy: 0.9971
Validation Accuracy: 0.2519
No improvement for 4 epoch(s).
Dataset 3 | Epoch 72/100
Training Accuracy: 1.0000
Validation Accuracy: 0.2481
No improvement for 5 epoch(s).
Dataset 3 | Epoch 73/100
Training Accuracy: 1.0000
Validation Accuracy: 0.2634
No improvement for 6 epoch(s).
Dataset 3 | Epoch 74/100
Training Accuracy: 0.9981
Validation Accuracy: 0.2863
New best model saved with validation accuracy: 0.2863
Dataset 3 | Epoch 75/100
Training Accuracy: 0.9962
Validation Accuracy: 0.2481
No improvement for 1 epoch(s).
Dataset 3 | Epoch 76/100
Training Accuracy: 0.9990
Validation Accuracy: 0.2366
No improvement for 2 epoch(s).
Dataset 3 | Epoch 77/100
Training Accuracy: 0.9990
Validation Accuracy: 0.2443
No improvement for 3 epoch(s).
Dataset 3 | Epoch 78/100
Training Accuracy: 1.0000
Validation Accuracy: 0.2443
No improvement for 4 epoch(s).
Dataset 3 | Epoch 79/100
Training Accuracy: 0.9981
Validation Accuracy: 0.2634
No improvement for 5 epoch(s).
Dataset 3 | Epoch 80/100
Training Accuracy: 1.0000
Validation Accuracy: 0.2672
No improvement for 6 epoch(s).
Dataset 3 | Epoch 81/100
Training Accuracy: 0.9990
Validation Accuracy: 0.2595
No improvement for 7 epoch(s).
Dataset 3 | Epoch 82/100
Training Accuracy: 1.0000
Validation Accuracy: 0.2672
No improvement for 8 epoch(s).
Dataset 3 | Epoch 83/100
Training Accuracy: 0.9990
Validation Accuracy: 0.2710
No improvement for 9 epoch(s).
Dataset 3 | Epoch 84/100
Training Accuracy: 0.9971
Validation Accuracy: 0.2710
No improvement for 10 epoch(s).
Dataset 3 | Epoch 85/100
Training Accuracy: 0.9990
Validation Accuracy: 0.2595
No improvement for 11 epoch(s).
Dataset 3 | Epoch 86/100
Training Accuracy: 0.9962
Validation Accuracy: 0.2672
No improvement for 12 epoch(s).
Dataset 3 | Epoch 87/100
Training Accuracy: 0.9990
Validation Accuracy: 0.2672
No improvement for 13 epoch(s).
Dataset 3 | Epoch 88/100
Training Accuracy: 0.9990
Validation Accuracy: 0.2710
No improvement for 14 epoch(s).
Dataset 3 | Epoch 89/100
Training Accuracy: 1.0000
Validation Accuracy: 0.2672
No improvement for 15 epoch(s).
Early stopping triggered.
Training complete for Dataset part 3.

Starting training for dataset part 4...
Dataset 4 | Epoch 1/100
Training Accuracy: 0.0027
Validation Accuracy: 0.0145
New best model saved with validation accuracy: 0.0145
Dataset 4 | Epoch 2/100
Training Accuracy: 0.0064
Validation Accuracy: 0.0000
No improvement for 1 epoch(s).
Dataset 4 | Epoch 3/100
Training Accuracy: 0.0136
Validation Accuracy: 0.0109
No improvement for 2 epoch(s).
Dataset 4 | Epoch 4/100
Training Accuracy: 0.0127
Validation Accuracy: 0.0073
No improvement for 3 epoch(s).
Dataset 4 | Epoch 5/100
Training Accuracy: 0.0164
Validation Accuracy: 0.0073
No improvement for 4 epoch(s).
Dataset 4 | Epoch 6/100
Training Accuracy: 0.0109
Validation Accuracy: 0.0109
No improvement for 5 epoch(s).
Dataset 4 | Epoch 7/100
Training Accuracy: 0.0237
Validation Accuracy: 0.0218
New best model saved with validation accuracy: 0.0218
Dataset 4 | Epoch 8/100
Training Accuracy: 0.0337
Validation Accuracy: 0.0255
New best model saved with validation accuracy: 0.0255
Dataset 4 | Epoch 9/100
Training Accuracy: 0.0419
Validation Accuracy: 0.0291
New best model saved with validation accuracy: 0.0291
Dataset 4 | Epoch 10/100
Training Accuracy: 0.0573
Validation Accuracy: 0.0364
New best model saved with validation accuracy: 0.0364
Dataset 4 | Epoch 11/100
Training Accuracy: 0.0764
Validation Accuracy: 0.0545
New best model saved with validation accuracy: 0.0545
Dataset 4 | Epoch 12/100
Training Accuracy: 0.1183
Validation Accuracy: 0.0800
New best model saved with validation accuracy: 0.0800
Dataset 4 | Epoch 13/100
Training Accuracy: 0.1456
Validation Accuracy: 0.0764
No improvement for 1 epoch(s).
Dataset 4 | Epoch 14/100
Training Accuracy: 0.1674
Validation Accuracy: 0.1200
New best model saved with validation accuracy: 0.1200
Dataset 4 | Epoch 15/100
Training Accuracy: 0.2075
Validation Accuracy: 0.1236
New best model saved with validation accuracy: 0.1236
Dataset 4 | Epoch 16/100
Training Accuracy: 0.2803
Validation Accuracy: 0.1564
New best model saved with validation accuracy: 0.1564
Dataset 4 | Epoch 17/100
Training Accuracy: 0.3194
Validation Accuracy: 0.1600
New best model saved with validation accuracy: 0.1600
Dataset 4 | Epoch 18/100
Training Accuracy: 0.3767
Validation Accuracy: 0.1745
New best model saved with validation accuracy: 0.1745
Dataset 4 | Epoch 19/100
Training Accuracy: 0.4240
Validation Accuracy: 0.1927
New best model saved with validation accuracy: 0.1927
Dataset 4 | Epoch 20/100
Training Accuracy: 0.4895
Validation Accuracy: 0.1964
New best model saved with validation accuracy: 0.1964
Dataset 4 | Epoch 21/100
Training Accuracy: 0.5359
Validation Accuracy: 0.1855
No improvement for 1 epoch(s).
Dataset 4 | Epoch 22/100
Training Accuracy: 0.6260
Validation Accuracy: 0.2436
New best model saved with validation accuracy: 0.2436
Dataset 4 | Epoch 23/100
Training Accuracy: 0.6597
Validation Accuracy: 0.2327
No improvement for 1 epoch(s).
Dataset 4 | Epoch 24/100
Training Accuracy: 0.7216
Validation Accuracy: 0.2655
New best model saved with validation accuracy: 0.2655
Dataset 4 | Epoch 25/100
Training Accuracy: 0.7389
Validation Accuracy: 0.2545
No improvement for 1 epoch(s).
Dataset 4 | Epoch 26/100
Training Accuracy: 0.7825
Validation Accuracy: 0.2436
No improvement for 2 epoch(s).
Dataset 4 | Epoch 27/100
Training Accuracy: 0.8262
Validation Accuracy: 0.3018
New best model saved with validation accuracy: 0.3018
Dataset 4 | Epoch 28/100
Training Accuracy: 0.8553
Validation Accuracy: 0.2655
No improvement for 1 epoch(s).
Dataset 4 | Epoch 29/100
Training Accuracy: 0.8471
Validation Accuracy: 0.2545
No improvement for 2 epoch(s).
Dataset 4 | Epoch 30/100
Training Accuracy: 0.8708
Validation Accuracy: 0.3091
New best model saved with validation accuracy: 0.3091
Dataset 4 | Epoch 31/100
Training Accuracy: 0.8854
Validation Accuracy: 0.2945
No improvement for 1 epoch(s).
Dataset 4 | Epoch 32/100
Training Accuracy: 0.8990
Validation Accuracy: 0.2836
No improvement for 2 epoch(s).
Dataset 4 | Epoch 33/100
Training Accuracy: 0.9017
Validation Accuracy: 0.3491
New best model saved with validation accuracy: 0.3491
Dataset 4 | Epoch 34/100
Training Accuracy: 0.8881
Validation Accuracy: 0.2800
No improvement for 1 epoch(s).
Dataset 4 | Epoch 35/100
Training Accuracy: 0.9108
Validation Accuracy: 0.3055
No improvement for 2 epoch(s).
Dataset 4 | Epoch 36/100
Training Accuracy: 0.9299
Validation Accuracy: 0.3309
No improvement for 3 epoch(s).
Dataset 4 | Epoch 37/100
Training Accuracy: 0.9554
Validation Accuracy: 0.3055
No improvement for 4 epoch(s).
Dataset 4 | Epoch 38/100
Training Accuracy: 0.9490
Validation Accuracy: 0.3055
No improvement for 5 epoch(s).
Dataset 4 | Epoch 39/100
Training Accuracy: 0.9636
Validation Accuracy: 0.2873
No improvement for 6 epoch(s).
Dataset 4 | Epoch 40/100
Training Accuracy: 0.9672
Validation Accuracy: 0.3164
No improvement for 7 epoch(s).
Dataset 4 | Epoch 41/100
Training Accuracy: 0.9809
Validation Accuracy: 0.3127
No improvement for 8 epoch(s).
Dataset 4 | Epoch 42/100
Training Accuracy: 0.9845
Validation Accuracy: 0.3455
No improvement for 9 epoch(s).
Dataset 4 | Epoch 43/100
Training Accuracy: 0.9909
Validation Accuracy: 0.3600
New best model saved with validation accuracy: 0.3600
Dataset 4 | Epoch 44/100
Training Accuracy: 0.9918
Validation Accuracy: 0.3491
No improvement for 1 epoch(s).
Dataset 4 | Epoch 45/100
Training Accuracy: 0.9973
Validation Accuracy: 0.3309
No improvement for 2 epoch(s).
Dataset 4 | Epoch 46/100
Training Accuracy: 0.9945
Validation Accuracy: 0.3418
No improvement for 3 epoch(s).
Dataset 4 | Epoch 47/100
Training Accuracy: 0.9945
Validation Accuracy: 0.3418
No improvement for 4 epoch(s).
Dataset 4 | Epoch 48/100
Training Accuracy: 0.9918
Validation Accuracy: 0.3455
No improvement for 5 epoch(s).
Dataset 4 | Epoch 49/100
Training Accuracy: 0.9936
Validation Accuracy: 0.3527
No improvement for 6 epoch(s).
Dataset 4 | Epoch 50/100
Training Accuracy: 0.9964
Validation Accuracy: 0.3564
No improvement for 7 epoch(s).
Dataset 4 | Epoch 51/100
Training Accuracy: 0.9955
Validation Accuracy: 0.3491
No improvement for 8 epoch(s).
Dataset 4 | Epoch 52/100
Training Accuracy: 0.9936
Validation Accuracy: 0.3455
No improvement for 9 epoch(s).
Dataset 4 | Epoch 53/100
Training Accuracy: 0.9955
Validation Accuracy: 0.3636
New best model saved with validation accuracy: 0.3636
Dataset 4 | Epoch 54/100
Training Accuracy: 0.9927
Validation Accuracy: 0.3600
No improvement for 1 epoch(s).
Dataset 4 | Epoch 55/100
Training Accuracy: 0.9955
Validation Accuracy: 0.3455
No improvement for 2 epoch(s).
Dataset 4 | Epoch 56/100
Training Accuracy: 0.9964
Validation Accuracy: 0.3345
No improvement for 3 epoch(s).
Dataset 4 | Epoch 57/100
Training Accuracy: 0.9955
Validation Accuracy: 0.3418
No improvement for 4 epoch(s).
Dataset 4 | Epoch 58/100
Training Accuracy: 0.9973
Validation Accuracy: 0.3491
No improvement for 5 epoch(s).
Dataset 4 | Epoch 59/100
Training Accuracy: 0.9964
Validation Accuracy: 0.3527
No improvement for 6 epoch(s).
Dataset 4 | Epoch 60/100
Training Accuracy: 0.9945
Validation Accuracy: 0.3636
No improvement for 7 epoch(s).
Dataset 4 | Epoch 61/100
Training Accuracy: 0.9964
Validation Accuracy: 0.3709
New best model saved with validation accuracy: 0.3709
Dataset 4 | Epoch 62/100
Training Accuracy: 0.9945
Validation Accuracy: 0.3491
No improvement for 1 epoch(s).
Dataset 4 | Epoch 63/100
Training Accuracy: 0.9964
Validation Accuracy: 0.3382
No improvement for 2 epoch(s).
Dataset 4 | Epoch 64/100
Training Accuracy: 0.9936
Validation Accuracy: 0.3309
No improvement for 3 epoch(s).
Dataset 4 | Epoch 65/100
Training Accuracy: 0.9964
Validation Accuracy: 0.3673
No improvement for 4 epoch(s).
Dataset 4 | Epoch 66/100
Training Accuracy: 0.9973
Validation Accuracy: 0.3564
No improvement for 5 epoch(s).
Dataset 4 | Epoch 67/100
Training Accuracy: 0.9927
Validation Accuracy: 0.3345
No improvement for 6 epoch(s).
Dataset 4 | Epoch 68/100
Training Accuracy: 0.9909
Validation Accuracy: 0.3673
No improvement for 7 epoch(s).
Dataset 4 | Epoch 69/100
Training Accuracy: 0.9936
Validation Accuracy: 0.3527
No improvement for 8 epoch(s).
Dataset 4 | Epoch 70/100
Training Accuracy: 0.9918
Validation Accuracy: 0.3527
No improvement for 9 epoch(s).
Dataset 4 | Epoch 71/100
Training Accuracy: 0.9955
Validation Accuracy: 0.3382
No improvement for 10 epoch(s).
Dataset 4 | Epoch 72/100
Training Accuracy: 0.9918
Validation Accuracy: 0.3491
No improvement for 11 epoch(s).
Dataset 4 | Epoch 73/100
Training Accuracy: 0.9909
Validation Accuracy: 0.3418
No improvement for 12 epoch(s).
Dataset 4 | Epoch 74/100
Training Accuracy: 0.9945
Validation Accuracy: 0.3600
No improvement for 13 epoch(s).
Dataset 4 | Epoch 75/100
Training Accuracy: 0.9945
Validation Accuracy: 0.3782
New best model saved with validation accuracy: 0.3782
Dataset 4 | Epoch 76/100
Training Accuracy: 0.9964
Validation Accuracy: 0.3527
No improvement for 1 epoch(s).
Dataset 4 | Epoch 77/100
Training Accuracy: 0.9936
Validation Accuracy: 0.3564
No improvement for 2 epoch(s).
Dataset 4 | Epoch 78/100
Training Accuracy: 0.9909
Validation Accuracy: 0.3600
No improvement for 3 epoch(s).
Dataset 4 | Epoch 79/100
Training Accuracy: 0.9891
Validation Accuracy: 0.3455
No improvement for 4 epoch(s).
Dataset 4 | Epoch 80/100
Training Accuracy: 0.9964
Validation Accuracy: 0.3455
No improvement for 5 epoch(s).
Dataset 4 | Epoch 81/100
Training Accuracy: 0.9945
Validation Accuracy: 0.3527
No improvement for 6 epoch(s).
Dataset 4 | Epoch 82/100
Training Accuracy: 0.9982
Validation Accuracy: 0.3455
No improvement for 7 epoch(s).
Dataset 4 | Epoch 83/100
Training Accuracy: 0.9936
Validation Accuracy: 0.3455
No improvement for 8 epoch(s).
Dataset 4 | Epoch 84/100
Training Accuracy: 0.9973
Validation Accuracy: 0.3491
No improvement for 9 epoch(s).
Dataset 4 | Epoch 85/100
Training Accuracy: 0.9936
Validation Accuracy: 0.3564
No improvement for 10 epoch(s).
Dataset 4 | Epoch 86/100
Training Accuracy: 0.9936
Validation Accuracy: 0.3636
No improvement for 11 epoch(s).
Dataset 4 | Epoch 87/100
Training Accuracy: 0.9955
Validation Accuracy: 0.3600
No improvement for 12 epoch(s).
Dataset 4 | Epoch 88/100
Training Accuracy: 0.9927
Validation Accuracy: 0.3564
No improvement for 13 epoch(s).
Dataset 4 | Epoch 89/100
Training Accuracy: 0.9964
Validation Accuracy: 0.3673
No improvement for 14 epoch(s).
Dataset 4 | Epoch 90/100
Training Accuracy: 0.9918
Validation Accuracy: 0.3564
No improvement for 15 epoch(s).
Early stopping triggered.
Training complete for Dataset part 4.

Starting training for dataset part 5...
Dataset 5 | Epoch 1/100
Training Accuracy: 0.0028
Validation Accuracy: 0.0037
New best model saved with validation accuracy: 0.0037
Dataset 5 | Epoch 2/100
Training Accuracy: 0.0092
Validation Accuracy: 0.0037
No improvement for 1 epoch(s).
Dataset 5 | Epoch 3/100
Training Accuracy: 0.0083
Validation Accuracy: 0.0037
No improvement for 2 epoch(s).
Dataset 5 | Epoch 4/100
Training Accuracy: 0.0092
Validation Accuracy: 0.0074
New best model saved with validation accuracy: 0.0074
Dataset 5 | Epoch 5/100
Training Accuracy: 0.0166
Validation Accuracy: 0.0257
New best model saved with validation accuracy: 0.0257
Dataset 5 | Epoch 6/100
Training Accuracy: 0.0386
Validation Accuracy: 0.0110
No improvement for 1 epoch(s).
Dataset 5 | Epoch 7/100
Training Accuracy: 0.0616
Validation Accuracy: 0.0368
New best model saved with validation accuracy: 0.0368
Dataset 5 | Epoch 8/100
Training Accuracy: 0.1067
Validation Accuracy: 0.0662
New best model saved with validation accuracy: 0.0662
Dataset 5 | Epoch 9/100
Training Accuracy: 0.2079
Validation Accuracy: 0.1140
New best model saved with validation accuracy: 0.1140
Dataset 5 | Epoch 10/100
Training Accuracy: 0.2760
Validation Accuracy: 0.1728
New best model saved with validation accuracy: 0.1728
Dataset 5 | Epoch 11/100
Training Accuracy: 0.3615
Validation Accuracy: 0.1838
New best model saved with validation accuracy: 0.1838
Dataset 5 | Epoch 12/100
Training Accuracy: 0.4581
Validation Accuracy: 0.2426
New best model saved with validation accuracy: 0.2426
Dataset 5 | Epoch 13/100
Training Accuracy: 0.5547
Validation Accuracy: 0.2537
New best model saved with validation accuracy: 0.2537
Dataset 5 | Epoch 14/100
Training Accuracy: 0.6053
Validation Accuracy: 0.3051
New best model saved with validation accuracy: 0.3051
Dataset 5 | Epoch 15/100
Training Accuracy: 0.6927
Validation Accuracy: 0.2978
No improvement for 1 epoch(s).
Dataset 5 | Epoch 16/100
Training Accuracy: 0.7599
Validation Accuracy: 0.3971
New best model saved with validation accuracy: 0.3971
Dataset 5 | Epoch 17/100
Training Accuracy: 0.8105
Validation Accuracy: 0.3934
No improvement for 1 epoch(s).
Dataset 5 | Epoch 18/100
Training Accuracy: 0.8436
Validation Accuracy: 0.3529
No improvement for 2 epoch(s).
Dataset 5 | Epoch 19/100
Training Accuracy: 0.8648
Validation Accuracy: 0.3897
No improvement for 3 epoch(s).
Dataset 5 | Epoch 20/100
Training Accuracy: 0.8951
Validation Accuracy: 0.3860
No improvement for 4 epoch(s).
Dataset 5 | Epoch 21/100
Training Accuracy: 0.9117
Validation Accuracy: 0.4338
New best model saved with validation accuracy: 0.4338
Dataset 5 | Epoch 22/100
Training Accuracy: 0.9144
Validation Accuracy: 0.3713
No improvement for 1 epoch(s).
Dataset 5 | Epoch 23/100
Training Accuracy: 0.9209
Validation Accuracy: 0.4338
No improvement for 2 epoch(s).
Dataset 5 | Epoch 24/100
Training Accuracy: 0.9384
Validation Accuracy: 0.4559
New best model saved with validation accuracy: 0.4559
Dataset 5 | Epoch 25/100
Training Accuracy: 0.9531
Validation Accuracy: 0.4779
New best model saved with validation accuracy: 0.4779
Dataset 5 | Epoch 26/100
Training Accuracy: 0.9549
Validation Accuracy: 0.4596
No improvement for 1 epoch(s).
Dataset 5 | Epoch 27/100
Training Accuracy: 0.9641
Validation Accuracy: 0.3824
No improvement for 2 epoch(s).
Dataset 5 | Epoch 28/100
Training Accuracy: 0.9568
Validation Accuracy: 0.5000
New best model saved with validation accuracy: 0.5000
Dataset 5 | Epoch 29/100
Training Accuracy: 0.9494
Validation Accuracy: 0.3824
No improvement for 1 epoch(s).
Dataset 5 | Epoch 30/100
Training Accuracy: 0.9512
Validation Accuracy: 0.4118
No improvement for 2 epoch(s).
Dataset 5 | Epoch 31/100
Training Accuracy: 0.9687
Validation Accuracy: 0.4596
No improvement for 3 epoch(s).
Dataset 5 | Epoch 32/100
Training Accuracy: 0.9604
Validation Accuracy: 0.4669
No improvement for 4 epoch(s).
Dataset 5 | Epoch 33/100
Training Accuracy: 0.9752
Validation Accuracy: 0.4485
No improvement for 5 epoch(s).
Dataset 5 | Epoch 34/100
Training Accuracy: 0.9798
Validation Accuracy: 0.4118
No improvement for 6 epoch(s).
Dataset 5 | Epoch 35/100
Training Accuracy: 0.9834
Validation Accuracy: 0.5184
New best model saved with validation accuracy: 0.5184
Dataset 5 | Epoch 36/100
Training Accuracy: 0.9908
Validation Accuracy: 0.5331
New best model saved with validation accuracy: 0.5331
Dataset 5 | Epoch 37/100
Training Accuracy: 0.9972
Validation Accuracy: 0.5257
No improvement for 1 epoch(s).
Dataset 5 | Epoch 38/100
Training Accuracy: 0.9963
Validation Accuracy: 0.5331
No improvement for 2 epoch(s).
Dataset 5 | Epoch 39/100
Training Accuracy: 0.9972
Validation Accuracy: 0.5257
No improvement for 3 epoch(s).
Dataset 5 | Epoch 40/100
Training Accuracy: 0.9982
Validation Accuracy: 0.5515
New best model saved with validation accuracy: 0.5515
Dataset 5 | Epoch 41/100
Training Accuracy: 0.9991
Validation Accuracy: 0.5588
New best model saved with validation accuracy: 0.5588
Dataset 5 | Epoch 42/100
Training Accuracy: 0.9982
Validation Accuracy: 0.5294
No improvement for 1 epoch(s).
Dataset 5 | Epoch 43/100
Training Accuracy: 0.9982
Validation Accuracy: 0.5625
New best model saved with validation accuracy: 0.5625
Dataset 5 | Epoch 44/100
Training Accuracy: 0.9991
Validation Accuracy: 0.5551
No improvement for 1 epoch(s).
Dataset 5 | Epoch 45/100
Training Accuracy: 0.9991
Validation Accuracy: 0.5257
No improvement for 2 epoch(s).
Dataset 5 | Epoch 46/100
Training Accuracy: 0.9954
Validation Accuracy: 0.5404
No improvement for 3 epoch(s).
Dataset 5 | Epoch 47/100
Training Accuracy: 0.9963
Validation Accuracy: 0.5662
New best model saved with validation accuracy: 0.5662
Dataset 5 | Epoch 48/100
Training Accuracy: 0.9991
Validation Accuracy: 0.5625
No improvement for 1 epoch(s).
Dataset 5 | Epoch 49/100
Training Accuracy: 0.9991
Validation Accuracy: 0.5404
No improvement for 2 epoch(s).
Dataset 5 | Epoch 50/100
Training Accuracy: 1.0000
Validation Accuracy: 0.5625
No improvement for 3 epoch(s).
Dataset 5 | Epoch 51/100
Training Accuracy: 0.9991
Validation Accuracy: 0.5551
No improvement for 4 epoch(s).
Dataset 5 | Epoch 52/100
Training Accuracy: 0.9982
Validation Accuracy: 0.5368
No improvement for 5 epoch(s).
Dataset 5 | Epoch 53/100
Training Accuracy: 0.9991
Validation Accuracy: 0.5662
No improvement for 6 epoch(s).
Dataset 5 | Epoch 54/100
Training Accuracy: 0.9982
Validation Accuracy: 0.5551
No improvement for 7 epoch(s).
Dataset 5 | Epoch 55/100
Training Accuracy: 0.9982
Validation Accuracy: 0.5478
No improvement for 8 epoch(s).
Dataset 5 | Epoch 56/100
Training Accuracy: 0.9982
Validation Accuracy: 0.5515
No improvement for 9 epoch(s).
Dataset 5 | Epoch 57/100
Training Accuracy: 1.0000
Validation Accuracy: 0.5331
No improvement for 10 epoch(s).
Dataset 5 | Epoch 58/100
Training Accuracy: 1.0000
Validation Accuracy: 0.5221
No improvement for 11 epoch(s).
Dataset 5 | Epoch 59/100
Training Accuracy: 1.0000
Validation Accuracy: 0.5515
No improvement for 12 epoch(s).
Dataset 5 | Epoch 60/100
Training Accuracy: 0.9963
Validation Accuracy: 0.5478
No improvement for 13 epoch(s).
Dataset 5 | Epoch 61/100
Training Accuracy: 1.0000
Validation Accuracy: 0.5441
No improvement for 14 epoch(s).
Dataset 5 | Epoch 62/100
Training Accuracy: 0.9963
Validation Accuracy: 0.5662
No improvement for 15 epoch(s).
Early stopping triggered.
Training complete for Dataset part 5.

Starting training for dataset part 6...
Dataset 6 | Epoch 1/100
Training Accuracy: 0.0018
Validation Accuracy: 0.0000
No improvement for 1 epoch(s).
Dataset 6 | Epoch 2/100
Training Accuracy: 0.0054
Validation Accuracy: 0.0072
New best model saved with validation accuracy: 0.0072
Dataset 6 | Epoch 3/100
Training Accuracy: 0.0036
Validation Accuracy: 0.0000
No improvement for 1 epoch(s).
Dataset 6 | Epoch 4/100
Training Accuracy: 0.0081
Validation Accuracy: 0.0108
New best model saved with validation accuracy: 0.0108
Dataset 6 | Epoch 5/100
Training Accuracy: 0.0090
Validation Accuracy: 0.0108
No improvement for 1 epoch(s).
Dataset 6 | Epoch 6/100
Training Accuracy: 0.0163
Validation Accuracy: 0.0144
New best model saved with validation accuracy: 0.0144
Dataset 6 | Epoch 7/100
Training Accuracy: 0.0217
Validation Accuracy: 0.0144
No improvement for 1 epoch(s).
Dataset 6 | Epoch 8/100
Training Accuracy: 0.0344
Validation Accuracy: 0.0469
New best model saved with validation accuracy: 0.0469
Dataset 6 | Epoch 9/100
Training Accuracy: 0.0543
Validation Accuracy: 0.0542
New best model saved with validation accuracy: 0.0542
Dataset 6 | Epoch 10/100
Training Accuracy: 0.0896
Validation Accuracy: 0.0903
New best model saved with validation accuracy: 0.0903
Dataset 6 | Epoch 11/100
Training Accuracy: 0.1376
Validation Accuracy: 0.1155
New best model saved with validation accuracy: 0.1155
Dataset 6 | Epoch 12/100
Training Accuracy: 0.1955
Validation Accuracy: 0.1227
New best model saved with validation accuracy: 0.1227
Dataset 6 | Epoch 13/100
Training Accuracy: 0.2624
Validation Accuracy: 0.1480
New best model saved with validation accuracy: 0.1480
Dataset 6 | Epoch 14/100
Training Accuracy: 0.3285
Validation Accuracy: 0.1588
New best model saved with validation accuracy: 0.1588
Dataset 6 | Epoch 15/100
Training Accuracy: 0.4290
Validation Accuracy: 0.2527
New best model saved with validation accuracy: 0.2527
Dataset 6 | Epoch 16/100
Training Accuracy: 0.4679
Validation Accuracy: 0.2202
No improvement for 1 epoch(s).
Dataset 6 | Epoch 17/100
Training Accuracy: 0.5575
Validation Accuracy: 0.2924
New best model saved with validation accuracy: 0.2924
Dataset 6 | Epoch 18/100
Training Accuracy: 0.6018
Validation Accuracy: 0.3069
New best model saved with validation accuracy: 0.3069
Dataset 6 | Epoch 19/100
Training Accuracy: 0.6452
Validation Accuracy: 0.3285
New best model saved with validation accuracy: 0.3285
Dataset 6 | Epoch 20/100
Training Accuracy: 0.6851
Validation Accuracy: 0.3321
New best model saved with validation accuracy: 0.3321
Dataset 6 | Epoch 21/100
Training Accuracy: 0.7113
Validation Accuracy: 0.3502
New best model saved with validation accuracy: 0.3502
Dataset 6 | Epoch 22/100
Training Accuracy: 0.7611
Validation Accuracy: 0.3682
New best model saved with validation accuracy: 0.3682
Dataset 6 | Epoch 23/100
Training Accuracy: 0.8027
Validation Accuracy: 0.3213
No improvement for 1 epoch(s).
Dataset 6 | Epoch 24/100
Training Accuracy: 0.8389
Validation Accuracy: 0.3718
New best model saved with validation accuracy: 0.3718
Dataset 6 | Epoch 25/100
Training Accuracy: 0.8552
Validation Accuracy: 0.3466
No improvement for 1 epoch(s).
Dataset 6 | Epoch 26/100
Training Accuracy: 0.8507
Validation Accuracy: 0.3538
No improvement for 2 epoch(s).
Dataset 6 | Epoch 27/100
Training Accuracy: 0.8724
Validation Accuracy: 0.3610
No improvement for 3 epoch(s).
Dataset 6 | Epoch 28/100
Training Accuracy: 0.9113
Validation Accuracy: 0.3610
No improvement for 4 epoch(s).
Dataset 6 | Epoch 29/100
Training Accuracy: 0.9077
Validation Accuracy: 0.4260
New best model saved with validation accuracy: 0.4260
Dataset 6 | Epoch 30/100
Training Accuracy: 0.9195
Validation Accuracy: 0.3646
No improvement for 1 epoch(s).
Dataset 6 | Epoch 31/100
Training Accuracy: 0.9330
Validation Accuracy: 0.4440
New best model saved with validation accuracy: 0.4440
Dataset 6 | Epoch 32/100
Training Accuracy: 0.9303
Validation Accuracy: 0.4152
No improvement for 1 epoch(s).
Dataset 6 | Epoch 33/100
Training Accuracy: 0.9457
Validation Accuracy: 0.4116
No improvement for 2 epoch(s).
Dataset 6 | Epoch 34/100
Training Accuracy: 0.9421
Validation Accuracy: 0.3682
No improvement for 3 epoch(s).
Dataset 6 | Epoch 35/100
Training Accuracy: 0.9665
Validation Accuracy: 0.4332
No improvement for 4 epoch(s).
Dataset 6 | Epoch 36/100
Training Accuracy: 0.9584
Validation Accuracy: 0.4116
No improvement for 5 epoch(s).
Dataset 6 | Epoch 37/100
Training Accuracy: 0.9439
Validation Accuracy: 0.4224
No improvement for 6 epoch(s).
Dataset 6 | Epoch 38/100
Training Accuracy: 0.9629
Validation Accuracy: 0.4621
New best model saved with validation accuracy: 0.4621
Dataset 6 | Epoch 39/100
Training Accuracy: 0.9891
Validation Accuracy: 0.4404
No improvement for 1 epoch(s).
Dataset 6 | Epoch 40/100
Training Accuracy: 0.9937
Validation Accuracy: 0.4621
No improvement for 2 epoch(s).
Dataset 6 | Epoch 41/100
Training Accuracy: 0.9882
Validation Accuracy: 0.4838
New best model saved with validation accuracy: 0.4838
Dataset 6 | Epoch 42/100
Training Accuracy: 0.9937
Validation Accuracy: 0.4657
No improvement for 1 epoch(s).
Dataset 6 | Epoch 43/100
Training Accuracy: 0.9946
Validation Accuracy: 0.4693
No improvement for 2 epoch(s).
Dataset 6 | Epoch 44/100
Training Accuracy: 0.9946
Validation Accuracy: 0.4874
New best model saved with validation accuracy: 0.4874
Dataset 6 | Epoch 45/100
Training Accuracy: 0.9919
Validation Accuracy: 0.4765
No improvement for 1 epoch(s).
Dataset 6 | Epoch 46/100
Training Accuracy: 0.9937
Validation Accuracy: 0.4801
No improvement for 2 epoch(s).
Dataset 6 | Epoch 47/100
Training Accuracy: 0.9946
Validation Accuracy: 0.4801
No improvement for 3 epoch(s).
Dataset 6 | Epoch 48/100
Training Accuracy: 0.9982
Validation Accuracy: 0.4874
No improvement for 4 epoch(s).
Dataset 6 | Epoch 49/100
Training Accuracy: 0.9991
Validation Accuracy: 0.4729
No improvement for 5 epoch(s).
Dataset 6 | Epoch 50/100
Training Accuracy: 0.9982
Validation Accuracy: 0.4838
No improvement for 6 epoch(s).
Dataset 6 | Epoch 51/100
Training Accuracy: 0.9982
Validation Accuracy: 0.5054
New best model saved with validation accuracy: 0.5054
Dataset 6 | Epoch 52/100
Training Accuracy: 0.9964
Validation Accuracy: 0.4838
No improvement for 1 epoch(s).
Dataset 6 | Epoch 53/100
Training Accuracy: 0.9982
Validation Accuracy: 0.4910
No improvement for 2 epoch(s).
Dataset 6 | Epoch 54/100
Training Accuracy: 0.9937
Validation Accuracy: 0.4838
No improvement for 3 epoch(s).
Dataset 6 | Epoch 55/100
Training Accuracy: 0.9982
Validation Accuracy: 0.4693
No improvement for 4 epoch(s).
Dataset 6 | Epoch 56/100
Training Accuracy: 0.9973
Validation Accuracy: 0.4946
No improvement for 5 epoch(s).
Dataset 6 | Epoch 57/100
Training Accuracy: 0.9982
Validation Accuracy: 0.4874
No improvement for 6 epoch(s).
Dataset 6 | Epoch 58/100
Training Accuracy: 0.9982
Validation Accuracy: 0.4765
No improvement for 7 epoch(s).
Dataset 6 | Epoch 59/100
Training Accuracy: 0.9937
Validation Accuracy: 0.4838
No improvement for 8 epoch(s).
Dataset 6 | Epoch 60/100
Training Accuracy: 0.9964
Validation Accuracy: 0.4693
No improvement for 9 epoch(s).
Dataset 6 | Epoch 61/100
Training Accuracy: 0.9955
Validation Accuracy: 0.4729
No improvement for 10 epoch(s).
Dataset 6 | Epoch 62/100
Training Accuracy: 0.9946
Validation Accuracy: 0.4910
No improvement for 11 epoch(s).
Dataset 6 | Epoch 63/100
Training Accuracy: 0.9964
Validation Accuracy: 0.4874
No improvement for 12 epoch(s).
Dataset 6 | Epoch 64/100
Training Accuracy: 0.9964
Validation Accuracy: 0.4765
No improvement for 13 epoch(s).
Dataset 6 | Epoch 65/100
Training Accuracy: 0.9955
Validation Accuracy: 0.4946
No improvement for 14 epoch(s).
Dataset 6 | Epoch 66/100
Training Accuracy: 0.9964
Validation Accuracy: 0.4657
No improvement for 15 epoch(s).
Early stopping triggered.
Training complete for Dataset part 6.

Starting training for dataset part 7...
Dataset 7 | Epoch 1/100
Training Accuracy: 0.0046
Validation Accuracy: 0.0036
New best model saved with validation accuracy: 0.0036
Dataset 7 | Epoch 2/100
Training Accuracy: 0.0073
Validation Accuracy: 0.0036
No improvement for 1 epoch(s).
Dataset 7 | Epoch 3/100
Training Accuracy: 0.0091
Validation Accuracy: 0.0218
New best model saved with validation accuracy: 0.0218
Dataset 7 | Epoch 4/100
Training Accuracy: 0.0155
Validation Accuracy: 0.0182
No improvement for 1 epoch(s).
Dataset 7 | Epoch 5/100
Training Accuracy: 0.0301
Validation Accuracy: 0.0291
New best model saved with validation accuracy: 0.0291
Dataset 7 | Epoch 6/100
Training Accuracy: 0.0719
Validation Accuracy: 0.0509
New best model saved with validation accuracy: 0.0509
Dataset 7 | Epoch 7/100
Training Accuracy: 0.1466
Validation Accuracy: 0.0509
No improvement for 1 epoch(s).
Dataset 7 | Epoch 8/100
Training Accuracy: 0.2122
Validation Accuracy: 0.1309
New best model saved with validation accuracy: 0.1309
Dataset 7 | Epoch 9/100
Training Accuracy: 0.2860
Validation Accuracy: 0.1345
New best model saved with validation accuracy: 0.1345
Dataset 7 | Epoch 10/100
Training Accuracy: 0.3780
Validation Accuracy: 0.1745
New best model saved with validation accuracy: 0.1745
Dataset 7 | Epoch 11/100
Training Accuracy: 0.4681
Validation Accuracy: 0.2327
New best model saved with validation accuracy: 0.2327
Dataset 7 | Epoch 12/100
Training Accuracy: 0.5483
Validation Accuracy: 0.2691
New best model saved with validation accuracy: 0.2691
Dataset 7 | Epoch 13/100
Training Accuracy: 0.6002
Validation Accuracy: 0.3127
New best model saved with validation accuracy: 0.3127
Dataset 7 | Epoch 14/100
Training Accuracy: 0.6521
Validation Accuracy: 0.3600
New best model saved with validation accuracy: 0.3600
Dataset 7 | Epoch 15/100
Training Accuracy: 0.7077
Validation Accuracy: 0.3636
New best model saved with validation accuracy: 0.3636
Dataset 7 | Epoch 16/100
Training Accuracy: 0.7514
Validation Accuracy: 0.3818
New best model saved with validation accuracy: 0.3818
Dataset 7 | Epoch 17/100
Training Accuracy: 0.7942
Validation Accuracy: 0.2800
No improvement for 1 epoch(s).
Dataset 7 | Epoch 18/100
Training Accuracy: 0.8151
Validation Accuracy: 0.3891
New best model saved with validation accuracy: 0.3891
Dataset 7 | Epoch 19/100
Training Accuracy: 0.8251
Validation Accuracy: 0.3745
No improvement for 1 epoch(s).
Dataset 7 | Epoch 20/100
Training Accuracy: 0.8643
Validation Accuracy: 0.4218
New best model saved with validation accuracy: 0.4218
Dataset 7 | Epoch 21/100
Training Accuracy: 0.8816
Validation Accuracy: 0.4691
New best model saved with validation accuracy: 0.4691
Dataset 7 | Epoch 22/100
Training Accuracy: 0.8907
Validation Accuracy: 0.3818
No improvement for 1 epoch(s).
Dataset 7 | Epoch 23/100
Training Accuracy: 0.8944
Validation Accuracy: 0.3927
No improvement for 2 epoch(s).
Dataset 7 | Epoch 24/100
Training Accuracy: 0.9044
Validation Accuracy: 0.3927
No improvement for 3 epoch(s).
Dataset 7 | Epoch 25/100
Training Accuracy: 0.9007
Validation Accuracy: 0.4182
No improvement for 4 epoch(s).
Dataset 7 | Epoch 26/100
Training Accuracy: 0.9180
Validation Accuracy: 0.4327
No improvement for 5 epoch(s).
Dataset 7 | Epoch 27/100
Training Accuracy: 0.9444
Validation Accuracy: 0.4436
No improvement for 6 epoch(s).
Dataset 7 | Epoch 28/100
Training Accuracy: 0.9690
Validation Accuracy: 0.4473
No improvement for 7 epoch(s).
Dataset 7 | Epoch 29/100
Training Accuracy: 0.9791
Validation Accuracy: 0.4800
New best model saved with validation accuracy: 0.4800
Dataset 7 | Epoch 30/100
Training Accuracy: 0.9827
Validation Accuracy: 0.4691
No improvement for 1 epoch(s).
Dataset 7 | Epoch 31/100
Training Accuracy: 0.9882
Validation Accuracy: 0.4909
New best model saved with validation accuracy: 0.4909
Dataset 7 | Epoch 32/100
Training Accuracy: 0.9936
Validation Accuracy: 0.4691
No improvement for 1 epoch(s).
Dataset 7 | Epoch 33/100
Training Accuracy: 0.9872
Validation Accuracy: 0.4945
New best model saved with validation accuracy: 0.4945
Dataset 7 | Epoch 34/100
Training Accuracy: 0.9964
Validation Accuracy: 0.4545
No improvement for 1 epoch(s).
Dataset 7 | Epoch 35/100
Training Accuracy: 0.9964
Validation Accuracy: 0.4836
No improvement for 2 epoch(s).
Dataset 7 | Epoch 36/100
Training Accuracy: 0.9918
Validation Accuracy: 0.4764
No improvement for 3 epoch(s).
Dataset 7 | Epoch 37/100
Training Accuracy: 0.9936
Validation Accuracy: 0.5018
New best model saved with validation accuracy: 0.5018
Dataset 7 | Epoch 38/100
Training Accuracy: 0.9918
Validation Accuracy: 0.4836
No improvement for 1 epoch(s).
Dataset 7 | Epoch 39/100
Training Accuracy: 0.9954
Validation Accuracy: 0.4945
No improvement for 2 epoch(s).
Dataset 7 | Epoch 40/100
Training Accuracy: 0.9909
Validation Accuracy: 0.4909
No improvement for 3 epoch(s).
Dataset 7 | Epoch 41/100
Training Accuracy: 0.9982
Validation Accuracy: 0.4945
No improvement for 4 epoch(s).
Dataset 7 | Epoch 42/100
Training Accuracy: 0.9954
Validation Accuracy: 0.4727
No improvement for 5 epoch(s).
Dataset 7 | Epoch 43/100
Training Accuracy: 0.9936
Validation Accuracy: 0.4945
No improvement for 6 epoch(s).
Dataset 7 | Epoch 44/100
Training Accuracy: 0.9954
Validation Accuracy: 0.4945
No improvement for 7 epoch(s).
Dataset 7 | Epoch 45/100
Training Accuracy: 0.9927
Validation Accuracy: 0.4945
No improvement for 8 epoch(s).
Dataset 7 | Epoch 46/100
Training Accuracy: 0.9945
Validation Accuracy: 0.5018
No improvement for 9 epoch(s).
Dataset 7 | Epoch 47/100
Training Accuracy: 0.9973
Validation Accuracy: 0.5164
New best model saved with validation accuracy: 0.5164
Dataset 7 | Epoch 48/100
Training Accuracy: 0.9927
Validation Accuracy: 0.5091
No improvement for 1 epoch(s).
Dataset 7 | Epoch 49/100
Training Accuracy: 0.9945
Validation Accuracy: 0.5055
No improvement for 2 epoch(s).
Dataset 7 | Epoch 50/100
Training Accuracy: 0.9964
Validation Accuracy: 0.5127
No improvement for 3 epoch(s).
Dataset 7 | Epoch 51/100
Training Accuracy: 0.9927
Validation Accuracy: 0.5055
No improvement for 4 epoch(s).
Dataset 7 | Epoch 52/100
Training Accuracy: 0.9982
Validation Accuracy: 0.5055
No improvement for 5 epoch(s).
Dataset 7 | Epoch 53/100
Training Accuracy: 0.9973
Validation Accuracy: 0.4873
No improvement for 6 epoch(s).
Dataset 7 | Epoch 54/100
Training Accuracy: 0.9909
Validation Accuracy: 0.4945
No improvement for 7 epoch(s).
Dataset 7 | Epoch 55/100
Training Accuracy: 0.9936
Validation Accuracy: 0.4836
No improvement for 8 epoch(s).
Dataset 7 | Epoch 56/100
Training Accuracy: 0.9973
Validation Accuracy: 0.4909
No improvement for 9 epoch(s).
Dataset 7 | Epoch 57/100
Training Accuracy: 0.9945
Validation Accuracy: 0.5273
New best model saved with validation accuracy: 0.5273
Dataset 7 | Epoch 58/100
Training Accuracy: 0.9927
Validation Accuracy: 0.5091
No improvement for 1 epoch(s).
Dataset 7 | Epoch 59/100
Training Accuracy: 0.9954
Validation Accuracy: 0.5018
No improvement for 2 epoch(s).
Dataset 7 | Epoch 60/100
Training Accuracy: 0.9936
Validation Accuracy: 0.5055
No improvement for 3 epoch(s).
Dataset 7 | Epoch 61/100
Training Accuracy: 0.9945
Validation Accuracy: 0.5127
No improvement for 4 epoch(s).
Dataset 7 | Epoch 62/100
Training Accuracy: 0.9964
Validation Accuracy: 0.5055
No improvement for 5 epoch(s).
Dataset 7 | Epoch 63/100
Training Accuracy: 0.9918
Validation Accuracy: 0.4909
No improvement for 6 epoch(s).
Dataset 7 | Epoch 64/100
Training Accuracy: 0.9964
Validation Accuracy: 0.4945
No improvement for 7 epoch(s).
Dataset 7 | Epoch 65/100
Training Accuracy: 0.9936
Validation Accuracy: 0.5091
No improvement for 8 epoch(s).
Dataset 7 | Epoch 66/100
Training Accuracy: 0.9973
Validation Accuracy: 0.5091
No improvement for 9 epoch(s).
Dataset 7 | Epoch 67/100
Training Accuracy: 0.9954
Validation Accuracy: 0.5273
No improvement for 10 epoch(s).
Dataset 7 | Epoch 68/100
Training Accuracy: 0.9964
Validation Accuracy: 0.4873
No improvement for 11 epoch(s).
Dataset 7 | Epoch 69/100
Training Accuracy: 0.9936
Validation Accuracy: 0.5055
No improvement for 12 epoch(s).
Dataset 7 | Epoch 70/100
Training Accuracy: 0.9945
Validation Accuracy: 0.5164
No improvement for 13 epoch(s).
Dataset 7 | Epoch 71/100
Training Accuracy: 0.9954
Validation Accuracy: 0.5164
No improvement for 14 epoch(s).
Dataset 7 | Epoch 72/100
Training Accuracy: 0.9991
Validation Accuracy: 0.5164
No improvement for 15 epoch(s).
Early stopping triggered.
Training complete for Dataset part 7.

Starting training for dataset part 8...
Dataset 8 | Epoch 1/100
Training Accuracy: 0.0036
Validation Accuracy: 0.0000
No improvement for 1 epoch(s).
Dataset 8 | Epoch 2/100
Training Accuracy: 0.0018
Validation Accuracy: 0.0000
No improvement for 2 epoch(s).
Dataset 8 | Epoch 3/100
Training Accuracy: 0.0036
Validation Accuracy: 0.0000
No improvement for 3 epoch(s).
Dataset 8 | Epoch 4/100
Training Accuracy: 0.0055
Validation Accuracy: 0.0000
No improvement for 4 epoch(s).
Dataset 8 | Epoch 5/100
Training Accuracy: 0.0055
Validation Accuracy: 0.0000
No improvement for 5 epoch(s).
Dataset 8 | Epoch 6/100
Training Accuracy: 0.0082
Validation Accuracy: 0.0036
New best model saved with validation accuracy: 0.0036
Dataset 8 | Epoch 7/100
Training Accuracy: 0.0118
Validation Accuracy: 0.0073
New best model saved with validation accuracy: 0.0073
Dataset 8 | Epoch 8/100
Training Accuracy: 0.0173
Validation Accuracy: 0.0036
No improvement for 1 epoch(s).
Dataset 8 | Epoch 9/100
Training Accuracy: 0.0118
Validation Accuracy: 0.0000
No improvement for 2 epoch(s).
Dataset 8 | Epoch 10/100
Training Accuracy: 0.0300
Validation Accuracy: 0.0182
New best model saved with validation accuracy: 0.0182
Dataset 8 | Epoch 11/100
Training Accuracy: 0.0364
Validation Accuracy: 0.0109
No improvement for 1 epoch(s).
Dataset 8 | Epoch 12/100
Training Accuracy: 0.0546
Validation Accuracy: 0.0291
New best model saved with validation accuracy: 0.0291
Dataset 8 | Epoch 13/100
Training Accuracy: 0.0682
Validation Accuracy: 0.0327
New best model saved with validation accuracy: 0.0327
Dataset 8 | Epoch 14/100
Training Accuracy: 0.0983
Validation Accuracy: 0.0364
New best model saved with validation accuracy: 0.0364
Dataset 8 | Epoch 15/100
Training Accuracy: 0.1247
Validation Accuracy: 0.0764
New best model saved with validation accuracy: 0.0764
Dataset 8 | Epoch 16/100
Training Accuracy: 0.1456
Validation Accuracy: 0.0836
New best model saved with validation accuracy: 0.0836
Dataset 8 | Epoch 17/100
Training Accuracy: 0.2038
Validation Accuracy: 0.0691
No improvement for 1 epoch(s).
Dataset 8 | Epoch 18/100
Training Accuracy: 0.2502
Validation Accuracy: 0.1127
New best model saved with validation accuracy: 0.1127
Dataset 8 | Epoch 19/100
Training Accuracy: 0.2921
Validation Accuracy: 0.1091
No improvement for 1 epoch(s).
Dataset 8 | Epoch 20/100
Training Accuracy: 0.3430
Validation Accuracy: 0.1382
New best model saved with validation accuracy: 0.1382
Dataset 8 | Epoch 21/100
Training Accuracy: 0.3985
Validation Accuracy: 0.1055
No improvement for 1 epoch(s).
Dataset 8 | Epoch 22/100
Training Accuracy: 0.4513
Validation Accuracy: 0.1491
New best model saved with validation accuracy: 0.1491
Dataset 8 | Epoch 23/100
Training Accuracy: 0.5077
Validation Accuracy: 0.1345
No improvement for 1 epoch(s).
Dataset 8 | Epoch 24/100
Training Accuracy: 0.5532
Validation Accuracy: 0.1491
No improvement for 2 epoch(s).
Dataset 8 | Epoch 25/100
Training Accuracy: 0.5987
Validation Accuracy: 0.1491
No improvement for 3 epoch(s).
Dataset 8 | Epoch 26/100
Training Accuracy: 0.6369
Validation Accuracy: 0.1600
New best model saved with validation accuracy: 0.1600
Dataset 8 | Epoch 27/100
Training Accuracy: 0.6888
Validation Accuracy: 0.2000
New best model saved with validation accuracy: 0.2000
Dataset 8 | Epoch 28/100
Training Accuracy: 0.7034
Validation Accuracy: 0.1927
No improvement for 1 epoch(s).
Dataset 8 | Epoch 29/100
Training Accuracy: 0.7716
Validation Accuracy: 0.2291
New best model saved with validation accuracy: 0.2291
Dataset 8 | Epoch 30/100
Training Accuracy: 0.7689
Validation Accuracy: 0.1600
No improvement for 1 epoch(s).
Dataset 8 | Epoch 31/100
Training Accuracy: 0.8071
Validation Accuracy: 0.2291
No improvement for 2 epoch(s).
Dataset 8 | Epoch 32/100
Training Accuracy: 0.8353
Validation Accuracy: 0.2109
No improvement for 3 epoch(s).
Dataset 8 | Epoch 33/100
Training Accuracy: 0.8790
Validation Accuracy: 0.2255
No improvement for 4 epoch(s).
Dataset 8 | Epoch 34/100
Training Accuracy: 0.8844
Validation Accuracy: 0.2000
No improvement for 5 epoch(s).
Dataset 8 | Epoch 35/100
Training Accuracy: 0.8753
Validation Accuracy: 0.2400
New best model saved with validation accuracy: 0.2400
Dataset 8 | Epoch 36/100
Training Accuracy: 0.9154
Validation Accuracy: 0.2218
No improvement for 1 epoch(s).
Dataset 8 | Epoch 37/100
Training Accuracy: 0.9290
Validation Accuracy: 0.2545
New best model saved with validation accuracy: 0.2545
Dataset 8 | Epoch 38/100
Training Accuracy: 0.9236
Validation Accuracy: 0.2727
New best model saved with validation accuracy: 0.2727
Dataset 8 | Epoch 39/100
Training Accuracy: 0.9154
Validation Accuracy: 0.2291
No improvement for 1 epoch(s).
Dataset 8 | Epoch 40/100
Training Accuracy: 0.9318
Validation Accuracy: 0.2291
No improvement for 2 epoch(s).
Dataset 8 | Epoch 41/100
Training Accuracy: 0.9063
Validation Accuracy: 0.2400
No improvement for 3 epoch(s).
Dataset 8 | Epoch 42/100
Training Accuracy: 0.9272
Validation Accuracy: 0.2436
No improvement for 4 epoch(s).
Dataset 8 | Epoch 43/100
Training Accuracy: 0.9318
Validation Accuracy: 0.2400
No improvement for 5 epoch(s).
Dataset 8 | Epoch 44/100
Training Accuracy: 0.9490
Validation Accuracy: 0.2545
No improvement for 6 epoch(s).
Dataset 8 | Epoch 45/100
Training Accuracy: 0.9709
Validation Accuracy: 0.2836
New best model saved with validation accuracy: 0.2836
Dataset 8 | Epoch 46/100
Training Accuracy: 0.9791
Validation Accuracy: 0.2691
No improvement for 1 epoch(s).
Dataset 8 | Epoch 47/100
Training Accuracy: 0.9827
Validation Accuracy: 0.2691
No improvement for 2 epoch(s).
Dataset 8 | Epoch 48/100
Training Accuracy: 0.9836
Validation Accuracy: 0.3091
New best model saved with validation accuracy: 0.3091
Dataset 8 | Epoch 49/100
Training Accuracy: 0.9891
Validation Accuracy: 0.3055
No improvement for 1 epoch(s).
Dataset 8 | Epoch 50/100
Training Accuracy: 0.9845
Validation Accuracy: 0.3164
New best model saved with validation accuracy: 0.3164
Dataset 8 | Epoch 51/100
Training Accuracy: 0.9909
Validation Accuracy: 0.2909
No improvement for 1 epoch(s).
Dataset 8 | Epoch 52/100
Training Accuracy: 0.9909
Validation Accuracy: 0.2873
No improvement for 2 epoch(s).
Dataset 8 | Epoch 53/100
Training Accuracy: 0.9900
Validation Accuracy: 0.2836
No improvement for 3 epoch(s).
Dataset 8 | Epoch 54/100
Training Accuracy: 0.9927
Validation Accuracy: 0.2945
No improvement for 4 epoch(s).
Dataset 8 | Epoch 55/100
Training Accuracy: 0.9973
Validation Accuracy: 0.3164
No improvement for 5 epoch(s).
Dataset 8 | Epoch 56/100
Training Accuracy: 0.9955
Validation Accuracy: 0.3055
No improvement for 6 epoch(s).
Dataset 8 | Epoch 57/100
Training Accuracy: 0.9936
Validation Accuracy: 0.3091
No improvement for 7 epoch(s).
Dataset 8 | Epoch 58/100
Training Accuracy: 0.9955
Validation Accuracy: 0.3273
New best model saved with validation accuracy: 0.3273
Dataset 8 | Epoch 59/100
Training Accuracy: 0.9936
Validation Accuracy: 0.2982
No improvement for 1 epoch(s).
Dataset 8 | Epoch 60/100
Training Accuracy: 0.9936
Validation Accuracy: 0.3200
No improvement for 2 epoch(s).
Dataset 8 | Epoch 61/100
Training Accuracy: 0.9964
Validation Accuracy: 0.2909
No improvement for 3 epoch(s).
Dataset 8 | Epoch 62/100
Training Accuracy: 0.9927
Validation Accuracy: 0.3127
No improvement for 4 epoch(s).
Dataset 8 | Epoch 63/100
Training Accuracy: 0.9927
Validation Accuracy: 0.3091
No improvement for 5 epoch(s).
Dataset 8 | Epoch 64/100
Training Accuracy: 0.9900
Validation Accuracy: 0.3127
No improvement for 6 epoch(s).
Dataset 8 | Epoch 65/100
Training Accuracy: 0.9909
Validation Accuracy: 0.3309
New best model saved with validation accuracy: 0.3309
Dataset 8 | Epoch 66/100
Training Accuracy: 0.9927
Validation Accuracy: 0.2982
No improvement for 1 epoch(s).
Dataset 8 | Epoch 67/100
Training Accuracy: 0.9936
Validation Accuracy: 0.2945
No improvement for 2 epoch(s).
Dataset 8 | Epoch 68/100
Training Accuracy: 0.9918
Validation Accuracy: 0.2727
No improvement for 3 epoch(s).
Dataset 8 | Epoch 69/100
Training Accuracy: 0.9955
Validation Accuracy: 0.3273
No improvement for 4 epoch(s).
Dataset 8 | Epoch 70/100
Training Accuracy: 0.9909
Validation Accuracy: 0.3309
No improvement for 5 epoch(s).
Dataset 8 | Epoch 71/100
Training Accuracy: 0.9964
Validation Accuracy: 0.3127
No improvement for 6 epoch(s).
Dataset 8 | Epoch 72/100
Training Accuracy: 0.9927
Validation Accuracy: 0.3164
No improvement for 7 epoch(s).
Dataset 8 | Epoch 73/100
Training Accuracy: 0.9936
Validation Accuracy: 0.3164
No improvement for 8 epoch(s).
Dataset 8 | Epoch 74/100
Training Accuracy: 0.9927
Validation Accuracy: 0.3091
No improvement for 9 epoch(s).
Dataset 8 | Epoch 75/100
Training Accuracy: 0.9936
Validation Accuracy: 0.3055
No improvement for 10 epoch(s).
Dataset 8 | Epoch 76/100
Training Accuracy: 0.9964
Validation Accuracy: 0.3055
No improvement for 11 epoch(s).
Dataset 8 | Epoch 77/100
Training Accuracy: 0.9900
Validation Accuracy: 0.3091
No improvement for 12 epoch(s).
Dataset 8 | Epoch 78/100
Training Accuracy: 0.9900
Validation Accuracy: 0.3091
No improvement for 13 epoch(s).
Dataset 8 | Epoch 79/100
Training Accuracy: 0.9955
Validation Accuracy: 0.3345
New best model saved with validation accuracy: 0.3345
Dataset 8 | Epoch 80/100
Training Accuracy: 0.9973
Validation Accuracy: 0.3018
No improvement for 1 epoch(s).
Dataset 8 | Epoch 81/100
Training Accuracy: 0.9964
Validation Accuracy: 0.3127
No improvement for 2 epoch(s).
Dataset 8 | Epoch 82/100
Training Accuracy: 0.9927
Validation Accuracy: 0.3236
No improvement for 3 epoch(s).
Dataset 8 | Epoch 83/100
Training Accuracy: 0.9936
Validation Accuracy: 0.3055
No improvement for 4 epoch(s).
Dataset 8 | Epoch 84/100
Training Accuracy: 0.9927
Validation Accuracy: 0.2909
No improvement for 5 epoch(s).
Dataset 8 | Epoch 85/100
Training Accuracy: 0.9945
Validation Accuracy: 0.3164
No improvement for 6 epoch(s).
Dataset 8 | Epoch 86/100
Training Accuracy: 0.9900
Validation Accuracy: 0.3200
No improvement for 7 epoch(s).
Dataset 8 | Epoch 87/100
Training Accuracy: 0.9936
Validation Accuracy: 0.3018
No improvement for 8 epoch(s).
Dataset 8 | Epoch 88/100
Training Accuracy: 0.9945
Validation Accuracy: 0.3127
No improvement for 9 epoch(s).
Dataset 8 | Epoch 89/100
Training Accuracy: 0.9918
Validation Accuracy: 0.2945
No improvement for 10 epoch(s).
Dataset 8 | Epoch 90/100
Training Accuracy: 0.9918
Validation Accuracy: 0.3127
No improvement for 11 epoch(s).
Dataset 8 | Epoch 91/100
Training Accuracy: 0.9936
Validation Accuracy: 0.3200
No improvement for 12 epoch(s).
Dataset 8 | Epoch 92/100
Training Accuracy: 0.9936
Validation Accuracy: 0.3200
No improvement for 13 epoch(s).
Dataset 8 | Epoch 93/100
Training Accuracy: 0.9918
Validation Accuracy: 0.3200
No improvement for 14 epoch(s).
Dataset 8 | Epoch 94/100
Training Accuracy: 0.9927
Validation Accuracy: 0.2909
No improvement for 15 epoch(s).
Early stopping triggered.
Training complete for Dataset part 8.

